  imgui.cpp
  imgui_demo.cpp
  imgui_draw.cpp
  imgui_impl_dx9.cpp
  imgui_impl_win32.cpp
  imgui_widgets.cpp
  L4DStools.cpp
  C:\Program Files (x86)\Windows Kits\10\Include\10.0.18362.0\um\dinput.h: DIRECTINPUT_VERSION undefined. Defaulting to version 0x0800
E:\Senny\Other\Left 4 dead_devs\L4D_Server_plugin\L4D_SDK\utils\L4DStools\D3D\D3D.h(14,1): warning C4005: DIRECTINPUT_VERSION: изменение макроопределения
  opcode_len_calc.cpp
C:\Program Files (x86)\Windows Kits\10\Include\10.0.18362.0\um\dinput.h(48): message : см. предыдущее определение "DIRECTINPUT_VERSION"
C:\Program Files (x86)\Microsoft Visual Studio\2019\Community\MSBuild\Microsoft\VC\v160\Microsoft.CppBuild.targets(1267,5): warning MSB8012: TargetPath(E:\Senny\Other\Left 4 dead_devs\L4D_Server_plugin\L4D_SDK\utils\L4DStools\Release\L4DStools.dll) does not match the Linker's OutputFile property value (D:\Steam\steamapps\common\left 4 dead\left4dead\addons\L4DStools.dll). This may cause your project to build incorrectly. To correct this, please make sure that $(OutDir), $(TargetName) and $(TargetExt) property values match the value specified in %(Link.OutputFile).
     Создается библиотека E:\Senny\Other\Left 4 dead_devs\L4D_Server_plugin\L4D_SDK\utils\L4DStools\Release\L4DStools.lib и объект E:\Senny\Other\Left 4 dead_devs\L4D_Server_plugin\L4D_SDK\utils\L4DStools\Release\L4DStools.exp
  Создание кода
  1126 of 1812 functions (62.1%) were compiled, the rest were copied from previous compilation.
    143 functions were new in current compilation
    108 functions had inline decision re-evaluated but remain unchanged
  Создание кода завершено
detours.lib(detours.obj) : warning LNK4099: "detours.pdb" PDB не найден с "detours.lib(detours.obj)" или на "E:\Senny\Other\Left 4 dead_devs\L4D_Server_plugin\L4D_SDK\utils\L4DStools\Release\detours.pdb"; компоновка объекта выполняется как при отсутствии отладочных данных
detours.lib(disasm.obj) : warning LNK4099: "detours.pdb" PDB не найден с "detours.lib(disasm.obj)" или на "E:\Senny\Other\Left 4 dead_devs\L4D_Server_plugin\L4D_SDK\utils\L4DStools\Release\detours.pdb"; компоновка объекта выполняется как при отсутствии отладочных данных
  L4DStools.vcxproj -> E:\Senny\Other\Left 4 dead_devs\L4D_Server_plugin\L4D_SDK\utils\L4DStools\Release\L4DStools.dll
